Error in `purrr::map()`:
ℹ In index: 1.
Caused by error in `dplyr::filter()`:
ℹ In argument: `.data$game_json == TRUE`.
Caused by error in `.data$game_json`:
! Column `game_json` not found in `.data`.
Backtrace:
     ▆
  1. ├─purrr::map(...)
  2. │ └─purrr:::map_("list", .x, .f, ..., .progress = .progress)
  3. │   ├─purrr:::with_indexed_errors(...)
  4. │   │ └─base::withCallingHandlers(...)
  5. │   ├─purrr:::call_with_cleanup(...)
  6. │   └─global .f(.x[[i]], ...)
  7. │     └─global nba_pbp_games(y)
  8. │       └─sched %>% dplyr::filter(.data$game_json == TRUE) %>% ...
  9. ├─dplyr::pull(., "game_id")
 10. ├─dplyr::filter(., .data$game_json == TRUE)
 11. ├─dplyr:::filter.data.frame(., .data$game_json == TRUE)
 12. │ └─dplyr:::filter_impl(...)
 13. │   └─dplyr:::filter_rows(...)
 14. │     └─dplyr:::filter_eval(...)
 15. │       ├─base::withCallingHandlers(...)
 16. │       └─mask$eval_all_filter(dots_expanded, invert, env_filter)
 17. │         └─dplyr (local) eval()
 18. ├─game_json
 19. ├─rlang:::`$.rlang_data_pronoun`(.data, game_json)
 20. │ └─rlang:::data_pronoun_get(...)
 21. └─rlang:::abort_data_pronoun(x, call = y)
 22.   └─rlang::abort(msg, "rlang_error_data_pronoun_not_found", call = call)
Warning messages:
1: In readRDS(con) :
  cannot open URL 'https://raw.githubusercontent.com/sportsdataverse/hoopR-nba-raw/main/nba/schedules/rds/nba_schedule_16.rds': HTTP status was '404 Not Found'
2: Failed to readRDS from <https://raw.githubusercontent.com/sportsdataverse/hoopR-nba-raw/main/nba/schedules/rds/nba_schedule_16.rds> 
Execution halted
::warning ::R/espn_nba_01_pbp_creation.R for season 16 exited with code 1
Error in `purrr::map()`:
ℹ In index: 1.
Caused by error in `dplyr::filter()`:
ℹ In argument: `.data$game_json == TRUE`.
Caused by error in `.data$game_json`:
! Column `game_json` not found in `.data`.
Backtrace:
     ▆
  1. ├─purrr::map(...)
  2. │ └─purrr:::map_("list", .x, .f, ..., .progress = .progress)
  3. │   ├─purrr:::with_indexed_errors(...)
  4. │   │ └─base::withCallingHandlers(...)
  5. │   ├─purrr:::call_with_cleanup(...)
  6. │   └─global .f(.x[[i]], ...)
  7. │     └─global nba_team_box_games(y)
  8. │       └─sched %>% dplyr::filter(.data$game_json == TRUE) %>% ...
  9. ├─dplyr::pull(., "game_id")
 10. ├─dplyr::filter(., .data$game_json == TRUE)
 11. ├─dplyr:::filter.data.frame(., .data$game_json == TRUE)
 12. │ └─dplyr:::filter_impl(...)
 13. │   └─dplyr:::filter_rows(...)
 14. │     └─dplyr:::filter_eval(...)
 15. │       ├─base::withCallingHandlers(...)
 16. │       └─mask$eval_all_filter(dots_expanded, invert, env_filter)
 17. │         └─dplyr (local) eval()
 18. ├─game_json
 19. ├─rlang:::`$.rlang_data_pronoun`(.data, game_json)
 20. │ └─rlang:::data_pronoun_get(...)
 21. └─rlang:::abort_data_pronoun(x, call = y)
 22.   └─rlang::abort(msg, "rlang_error_data_pronoun_not_found", call = call)
Execution halted
::warning ::R/espn_nba_02_team_box_creation.R for season 16 exited with code 1
Error in `purrr::map()`:
ℹ In index: 1.
Caused by error in `dplyr::filter()`:
ℹ In argument: `.data$game_json == TRUE`.
Caused by error in `.data$game_json`:
! Column `game_json` not found in `.data`.
Backtrace:
     ▆
  1. ├─purrr::map(...)
  2. │ └─purrr:::map_("list", .x, .f, ..., .progress = .progress)
  3. │   ├─purrr:::with_indexed_errors(...)
  4. │   │ └─base::withCallingHandlers(...)
  5. │   ├─purrr:::call_with_cleanup(...)
  6. │   └─global .f(.x[[i]], ...)
  7. │     └─global nba_player_box_games(y)
  8. │       └─sched %>% dplyr::filter(.data$game_json == TRUE) %>% ...
  9. ├─dplyr::pull(., "game_id")
 10. ├─dplyr::filter(., .data$game_json == TRUE)
 11. ├─dplyr:::filter.data.frame(., .data$game_json == TRUE)
 12. │ └─dplyr:::filter_impl(...)
 13. │   └─dplyr:::filter_rows(...)
 14. │     └─dplyr:::filter_eval(...)
 15. │       ├─base::withCallingHandlers(...)
 16. │       └─mask$eval_all_filter(dots_expanded, invert, env_filter)
 17. │         └─dplyr (local) eval()
 18. ├─game_json
 19. ├─rlang:::`$.rlang_data_pronoun`(.data, game_json)
 20. │ └─rlang:::data_pronoun_get(...)
 21. └─rlang:::abort_data_pronoun(x, call = y)
 22.   └─rlang::abort(msg, "rlang_error_data_pronoun_not_found", call = call)
Execution halted
::warning ::R/espn_nba_03_player_box_creation.R for season 16 exited with code 1
2026-06-03 03:17:27.454451: no team rosters in raw repo for 16; skipping
0.277 sec elapsed
→ Uploading 1 files!
ℹ Start upload of 5 files to
<https://github.com/sportsdataverse/sportsdataverse-data/releases> @
espn_nba_rosters
✔ Upload successfully completed.
→ Uploaded 5 to sportsdataverse/sportsdataverse-data @ espn_nba_rosters on 2026-06-03 03:17:29.264872

! 2026-06-03 03:17:30.485235: could not load player_box for 16: seasons >= 2002 is not TRUE
! 2026-06-03 03:17:30.500028: no player_box athletes for 16; skipping player_season_stats
0.069 sec elapsed
→ Uploading 1 files!
ℹ Start upload of 5 files to
<https://github.com/sportsdataverse/sportsdataverse-data/releases> @
espn_nba_player_season_stats
✔ Upload successfully completed.
→ Uploaded 5 to sportsdataverse/sportsdataverse-data @ espn_nba_player_season_stats on 2026-06-03 03:17:32.201298

! 2026-06-03 03:17:33.648614: no team_stats in raw repo for 16; skipping
0.299 sec elapsed
→ Uploading 1 files!
ℹ Start upload of 5 files to
<https://github.com/sportsdataverse/sportsdataverse-data/releases> @
espn_nba_team_season_stats
✔ Upload successfully completed.
→ Uploaded 5 to sportsdataverse/sportsdataverse-data @ espn_nba_team_season_stats on 2026-06-03 03:17:35.602156

! 2026-06-03 03:17:36.911209: skip standings 16: cannot open the connection to 'https://raw.githubusercontent.com/sportsdataverse/hoopR-nba-raw/main/nba/standings/json/16.json'
Warning message:
In open.connection(con, "rb") :
  cannot open URL 'https://raw.githubusercontent.com/sportsdataverse/hoopR-nba-raw/main/nba/standings/json/16.json': HTTP status was '404 Not Found'
0.164 sec elapsed
→ Uploading 1 files!
ℹ Start upload of 5 files to
<https://github.com/sportsdataverse/sportsdataverse-data/releases> @
espn_nba_standings
✔ Upload successfully completed.
→ Uploaded 5 to sportsdataverse/sportsdataverse-data @ espn_nba_standings on 2026-06-03 03:17:38.778098

! 2026-06-03 03:17:40.042411: no games listed for 16; skipping game_rosters
Warning messages:
1: In readRDS(con) :
  cannot open URL 'https://raw.githubusercontent.com/sportsdataverse/hoopR-nba-raw/main/nba/schedules/rds/nba_schedule_16.rds': HTTP status was '404 Not Found'
2: Failed to readRDS from <https://raw.githubusercontent.com/sportsdataverse/hoopR-nba-raw/main/nba/schedules/rds/nba_schedule_16.rds> 
0.12 sec elapsed
→ Uploading 1 files!
ℹ Start upload of 5 files to
<https://github.com/sportsdataverse/sportsdataverse-data/releases> @
espn_nba_game_rosters
✔ Upload successfully completed.
→ Uploaded 5 to sportsdataverse/sportsdataverse-data @ espn_nba_game_rosters on 2026-06-03 03:17:41.790935

! 2026-06-03 03:17:43.049803: no games listed for 16; skipping officials
Warning messages:
1: In readRDS(con) :
  cannot open URL 'https://raw.githubusercontent.com/sportsdataverse/hoopR-nba-raw/main/nba/schedules/rds/nba_schedule_16.rds': HTTP status was '404 Not Found'
2: Failed to readRDS from <https://raw.githubusercontent.com/sportsdataverse/hoopR-nba-raw/main/nba/schedules/rds/nba_schedule_16.rds> 
0.119 sec elapsed
→ Uploading 1 files!
ℹ Start upload of 5 files to
<https://github.com/sportsdataverse/sportsdataverse-data/releases> @
espn_nba_officials
✔ Upload successfully completed.
→ Uploaded 5 to sportsdataverse/sportsdataverse-data @ espn_nba_officials on 2026-06-03 03:17:44.92297

! 2026-06-03 03:17:46.272012: skip draft 16: cannot open the connection to 'https://raw.githubusercontent.com/sportsdataverse/hoopR-nba-raw/main/nba/draft/json/16.json'
Warning message:
In open.connection(con, "rb") :
  cannot open URL 'https://raw.githubusercontent.com/sportsdataverse/hoopR-nba-raw/main/nba/draft/json/16.json': HTTP status was '404 Not Found'
0.199 sec elapsed
→ Uploading 1 files!
ℹ Start upload of 5 files to
<https://github.com/sportsdataverse/sportsdataverse-data/releases> @
espn_nba_draft
✔ Upload successfully completed.
→ Uploaded 5 to sportsdataverse/sportsdataverse-data @ espn_nba_draft on 2026-06-03 03:17:48.077568

[main fbbdfe82] NBA Data Updated (Start: 16 End: 16)
 2 files changed, 0 insertions(+), 0 deletions(-)
 create mode 100644 nba/schedules/parquet/nba_schedule_16.parquet
 create mode 100644 nba/schedules/rds/nba_schedule_16.rds
To https://github.com/sportsdataverse/hoopR-nba-data
   10de0b54..fbbdfe82  main -> main
