From https://github.com/sportsdataverse/hoopR-nba-data
 * [new branch]        AE/remove-qs -> origin/AE/remove-qs
Error in `purrr::map()`:
в„№ In index: 1.
Caused by error in `dplyr::filter()`:
в„№ In argument: `.data$game_json == TRUE`.
Caused by error in `.data$game_json`:
! Column `game_json` not found in `.data`.
Backtrace:
     в–†
  1. в”њв”Ђpurrr::map(...)
  2. в”‚ в””в”Ђpurrr:::map_("list", .x, .f, ..., .progress = .progress)
  3. в”‚   в”њв”Ђpurrr:::with_indexed_errors(...)
  4. в”‚   в”‚ в””в”Ђbase::withCallingHandlers(...)
  5. в”‚   в”њв”Ђpurrr:::call_with_cleanup(...)
  6. в”‚   в””в”Ђglobal .f(.x[[i]], ...)
  7. в”‚     в””в”Ђglobal nba_pbp_games(y)
  8. в”‚       в””в”Ђsched %>% dplyr::filter(.data$game_json == TRUE) %>% ...
  9. в”њв”Ђdplyr::pull(., "game_id")
 10. в”њв”Ђdplyr::filter(., .data$game_json == TRUE)
 11. в”њв”Ђdplyr:::filter.data.frame(., .data$game_json == TRUE)
 12. в”‚ в””в”Ђdplyr:::filter_impl(...)
 13. в”‚   в””в”Ђdplyr:::filter_rows(...)
 14. в”‚     в””в”Ђdplyr:::filter_eval(...)
 15. в”‚       в”њв”Ђbase::withCallingHandlers(...)
 16. в”‚       в””в”Ђmask$eval_all_filter(dots_expanded, invert, env_filter)
 17. в”‚         в””в”Ђdplyr (local) eval()
 18. в”њв”Ђgame_json
 19. в”њв”Ђrlang:::`$.rlang_data_pronoun`(.data, game_json)
 20. в”‚ в””в”Ђrlang:::data_pronoun_get(...)
 21. в””в”Ђrlang:::abort_data_pronoun(x, call = y)
 22.   в””в”Ђrlang::abort(msg, "rlang_error_data_pronoun_not_found", call = call)
Warning messages:
1: In readRDS(con) :
  cannot open URL 'https://raw.githubusercontent.com/sportsdataverse/hoopR-nba-raw/main/nba/schedules/rds/nba_schedule_3.rds': HTTP status was '404 Not Found'
2: Failed to readRDS from <https://raw.githubusercontent.com/sportsdataverse/hoopR-nba-raw/main/nba/schedules/rds/nba_schedule_3.rds> 
Execution halted
::warning ::R/espn_nba_01_pbp_creation.R for season 3 exited with code 1
Error in `purrr::map()`:
в„№ In index: 1.
Caused by error in `dplyr::filter()`:
в„№ In argument: `.data$game_json == TRUE`.
Caused by error in `.data$game_json`:
! Column `game_json` not found in `.data`.
Backtrace:
     в–†
  1. в”њв”Ђpurrr::map(...)
  2. в”‚ в””в”Ђpurrr:::map_("list", .x, .f, ..., .progress = .progress)
  3. в”‚   в”њв”Ђpurrr:::with_indexed_errors(...)
  4. в”‚   в”‚ в””в”Ђbase::withCallingHandlers(...)
  5. в”‚   в”њв”Ђpurrr:::call_with_cleanup(...)
  6. в”‚   в””в”Ђglobal .f(.x[[i]], ...)
  7. в”‚     в””в”Ђglobal nba_team_box_games(y)
  8. в”‚       в””в”Ђsched %>% dplyr::filter(.data$game_json == TRUE) %>% ...
  9. в”њв”Ђdplyr::pull(., "game_id")
 10. в”њв”Ђdplyr::filter(., .data$game_json == TRUE)
 11. в”њв”Ђdplyr:::filter.data.frame(., .data$game_json == TRUE)
 12. в”‚ в””в”Ђdplyr:::filter_impl(...)
 13. в”‚   в””в”Ђdplyr:::filter_rows(...)
 14. в”‚     в””в”Ђdplyr:::filter_eval(...)
 15. в”‚       в”њв”Ђbase::withCallingHandlers(...)
 16. в”‚       в””в”Ђmask$eval_all_filter(dots_expanded, invert, env_filter)
 17. в”‚         в””в”Ђdplyr (local) eval()
 18. в”њв”Ђgame_json
 19. в”њв”Ђrlang:::`$.rlang_data_pronoun`(.data, game_json)
 20. в”‚ в””в”Ђrlang:::data_pronoun_get(...)
 21. в””в”Ђrlang:::abort_data_pronoun(x, call = y)
 22.   в””в”Ђrlang::abort(msg, "rlang_error_data_pronoun_not_found", call = call)
Execution halted
::warning ::R/espn_nba_02_team_box_creation.R for season 3 exited with code 1
Error in `purrr::map()`:
в„№ In index: 1.
Caused by error in `dplyr::filter()`:
в„№ In argument: `.data$game_json == TRUE`.
Caused by error in `.data$game_json`:
! Column `game_json` not found in `.data`.
Backtrace:
     в–†
  1. в”њв”Ђpurrr::map(...)
  2. в”‚ в””в”Ђpurrr:::map_("list", .x, .f, ..., .progress = .progress)
  3. в”‚   в”њв”Ђpurrr:::with_indexed_errors(...)
  4. в”‚   в”‚ в””в”Ђbase::withCallingHandlers(...)
  5. в”‚   в”њв”Ђpurrr:::call_with_cleanup(...)
  6. в”‚   в””в”Ђglobal .f(.x[[i]], ...)
  7. в”‚     в””в”Ђglobal nba_player_box_games(y)
  8. в”‚       в””в”Ђsched %>% dplyr::filter(.data$game_json == TRUE) %>% ...
  9. в”њв”Ђdplyr::pull(., "game_id")
 10. в”њв”Ђdplyr::filter(., .data$game_json == TRUE)
 11. в”њв”Ђdplyr:::filter.data.frame(., .data$game_json == TRUE)
 12. в”‚ в””в”Ђdplyr:::filter_impl(...)
 13. в”‚   в””в”Ђdplyr:::filter_rows(...)
 14. в”‚     в””в”Ђdplyr:::filter_eval(...)
 15. в”‚       в”њв”Ђbase::withCallingHandlers(...)
 16. в”‚       в””в”Ђmask$eval_all_filter(dots_expanded, invert, env_filter)
 17. в”‚         в””в”Ђdplyr (local) eval()
 18. в”њв”Ђgame_json
 19. в”њв”Ђrlang:::`$.rlang_data_pronoun`(.data, game_json)
 20. в”‚ в””в”Ђrlang:::data_pronoun_get(...)
 21. в””в”Ђrlang:::abort_data_pronoun(x, call = y)
 22.   в””в”Ђrlang::abort(msg, "rlang_error_data_pronoun_not_found", call = call)
Execution halted
::warning ::R/espn_nba_03_player_box_creation.R for season 3 exited with code 1
2026-06-03 03:10:42.265787: no team rosters in raw repo for 3; skipping
0.345 sec elapsed
в†’ Uploading 1 files!
в„№ Start upload of 5 files to
<https://github.com/sportsdataverse/sportsdataverse-data/releases> @
espn_nba_rosters
вњ” Upload successfully completed.
в†’ Uploaded 5 to sportsdataverse/sportsdataverse-data @ espn_nba_rosters on 2026-06-03 03:10:44.415636

! 2026-06-03 03:10:45.633035: could not load player_box for 3: seasons >= 2002 is not TRUE
! 2026-06-03 03:10:45.647712: no player_box athletes for 3; skipping player_season_stats
0.068 sec elapsed
в†’ Uploading 1 files!
в„№ Start upload of 5 files to
<https://github.com/sportsdataverse/sportsdataverse-data/releases> @
espn_nba_player_season_stats
вњ” Upload successfully completed.
в†’ Uploaded 5 to sportsdataverse/sportsdataverse-data @ espn_nba_player_season_stats on 2026-06-03 03:10:47.488657

! 2026-06-03 03:10:48.925438: no team_stats in raw repo for 3; skipping
0.301 sec elapsed
в†’ Uploading 1 files!
в„№ Start upload of 5 files to
<https://github.com/sportsdataverse/sportsdataverse-data/releases> @
espn_nba_team_season_stats
вњ” Upload successfully completed.
в†’ Uploaded 5 to sportsdataverse/sportsdataverse-data @ espn_nba_team_season_stats on 2026-06-03 03:10:50.863926

! 2026-06-03 03:10:52.173973: skip standings 3: cannot open the connection to 'https://raw.githubusercontent.com/sportsdataverse/hoopR-nba-raw/main/nba/standings/json/3.json'
Warning message:
In open.connection(con, "rb") :
  cannot open URL 'https://raw.githubusercontent.com/sportsdataverse/hoopR-nba-raw/main/nba/standings/json/3.json': HTTP status was '404 Not Found'
0.174 sec elapsed
в†’ Uploading 1 files!
в„№ Start upload of 5 files to
<https://github.com/sportsdataverse/sportsdataverse-data/releases> @
espn_nba_standings
вњ” Upload successfully completed.
в†’ Uploaded 5 to sportsdataverse/sportsdataverse-data @ espn_nba_standings on 2026-06-03 03:10:53.884839

! 2026-06-03 03:10:55.16362: no games listed for 3; skipping game_rosters
Warning messages:
1: In readRDS(con) :
  cannot open URL 'https://raw.githubusercontent.com/sportsdataverse/hoopR-nba-raw/main/nba/schedules/rds/nba_schedule_3.rds': HTTP status was '404 Not Found'
2: Failed to readRDS from <https://raw.githubusercontent.com/sportsdataverse/hoopR-nba-raw/main/nba/schedules/rds/nba_schedule_3.rds> 
0.119 sec elapsed
в†’ Uploading 1 files!
в„№ Start upload of 5 files to
<https://github.com/sportsdataverse/sportsdataverse-data/releases> @
espn_nba_game_rosters
вњ” Upload successfully completed.
в†’ Uploaded 5 to sportsdataverse/sportsdataverse-data @ espn_nba_game_rosters on 2026-06-03 03:10:56.985569

! 2026-06-03 03:10:58.252118: no games listed for 3; skipping officials
Warning messages:
1: In readRDS(con) :
  cannot open URL 'https://raw.githubusercontent.com/sportsdataverse/hoopR-nba-raw/main/nba/schedules/rds/nba_schedule_3.rds': HTTP status was '404 Not Found'
2: Failed to readRDS from <https://raw.githubusercontent.com/sportsdataverse/hoopR-nba-raw/main/nba/schedules/rds/nba_schedule_3.rds> 
0.119 sec elapsed
в†’ Uploading 1 files!
в„№ Start upload of 5 files to
<https://github.com/sportsdataverse/sportsdataverse-data/releases> @
espn_nba_officials
вњ” Upload successfully completed.
в†’ Uploaded 5 to sportsdataverse/sportsdataverse-data @ espn_nba_officials on 2026-06-03 03:11:00.183913

! 2026-06-03 03:11:01.621018: skip draft 3: cannot open the connection to 'https://raw.githubusercontent.com/sportsdataverse/hoopR-nba-raw/main/nba/draft/json/3.json'
Warning message:
In open.connection(con, "rb") :
  cannot open URL 'https://raw.githubusercontent.com/sportsdataverse/hoopR-nba-raw/main/nba/draft/json/3.json': HTTP status was '404 Not Found'
0.291 sec elapsed
в†’ Uploading 1 files!
в„№ Start upload of 5 files to
<https://github.com/sportsdataverse/sportsdataverse-data/releases> @
espn_nba_draft
вњ” Upload successfully completed.
в†’ Uploaded 5 to sportsdataverse/sportsdataverse-data @ espn_nba_draft on 2026-06-03 03:11:03.455257

[main a67eacaa] NBA Data Updated (Start: 3 End: 3)
 2 files changed, 0 insertions(+), 0 deletions(-)
 create mode 100644 nba/schedules/parquet/nba_schedule_3.parquet
 create mode 100644 nba/schedules/rds/nba_schedule_3.rds
To https://github.com/sportsdataverse/hoopR-nba-data
   3a28a5a7..a67eacaa  main -> main
