From https://github.com/sportsdataverse/hoopR-nba-data
 * [new branch]        AE/remove-qs        -> origin/AE/remove-qs
 * [new branch]        feat/nba-ci-cutover-python -> origin/feat/nba-ci-cutover-python
 * [new branch]        feat/nba-data-build -> origin/feat/nba-data-build
 * [new branch]        feat/nba-data-build-docs -> origin/feat/nba-data-build-docs
 * [new branch]        feat/nba-flip-python-default -> origin/feat/nba-flip-python-default
2026-07-14 11:55:38 [INFO] nba_data_build: pbp 2026: per-game build starting -- 1326 games (raw=https://raw.githubusercontent.com/sportsdataverse/hoopR-nba-raw/main via http)
2026-07-14 11:56:19 [INFO] nba_data_build: pbp 2026: 250/1326 games collected
2026-07-14 11:56:19 [INFO] nba_data_build: pbp 2026: 500/1326 games collected
2026-07-14 11:56:19 [INFO] nba_data_build: pbp 2026: 750/1326 games collected
2026-07-14 11:56:19 [INFO] nba_data_build: pbp 2026: 1000/1326 games collected
2026-07-14 11:56:19 [INFO] nba_data_build: pbp 2026: 1250/1326 games collected
2026-07-14 11:56:19 [INFO] nba_data_build: wrote ../nba/pbp/parquet/play_by_play_2026.parquet (20.3MB), 642472 rows x 64 cols; manifest n/a (not manifested)
2026-07-14 11:56:21 [INFO] nba_data_build: uploading play_by_play_2026.parquet (20.3MB) -> sportsdataverse/sportsdataverse-data:espn_nba_pbp
2026-07-14 11:56:23 [INFO] nba_data_build: uploaded play_by_play_2026.parquet -> espn_nba_pbp (asset 1/2)
2026-07-14 11:56:23 [INFO] nba_data_build: uploading play_by_play_2026.csv (256.3MB) -> sportsdataverse/sportsdataverse-data:espn_nba_pbp
2026-07-14 11:56:32 [INFO] nba_data_build: uploaded play_by_play_2026.csv -> espn_nba_pbp (asset 2/2)
2026-07-14 11:56:32 [INFO] nba_data_build: pbp 2026: done -- 642472 rows from 1325/1326 games in 54.6s
2026-07-14 11:56:32 [INFO] nba_data_build: pbp 2026: season complete -- 642472 rows
2026-07-14 11:56:35 [INFO] nba_data_build: team_box 2026: per-game build starting -- 1326 games (raw=https://raw.githubusercontent.com/sportsdataverse/hoopR-nba-raw/main via http)
2026-07-14 11:56:47 [INFO] nba_data_build: team_box 2026: 250/1326 games collected
2026-07-14 11:56:47 [INFO] nba_data_build: team_box 2026: 500/1326 games collected
2026-07-14 11:56:47 [INFO] nba_data_build: team_box 2026: 750/1326 games collected
2026-07-14 11:56:47 [INFO] nba_data_build: team_box 2026: 1000/1326 games collected
2026-07-14 11:56:47 [INFO] nba_data_build: team_box 2026: 1250/1326 games collected
2026-07-14 11:56:47 [INFO] nba_data_build: wrote ../nba/team_box/parquet/team_box_2026.parquet (137.3KB), 2652 rows x 59 cols; manifest n/a (not manifested)
2026-07-14 11:56:48 [INFO] nba_data_build: uploading team_box_2026.parquet (137.3KB) -> sportsdataverse/sportsdataverse-data:espn_nba_team_boxscores
2026-07-14 11:56:49 [INFO] nba_data_build: uploaded team_box_2026.parquet -> espn_nba_team_boxscores (asset 1/2)
2026-07-14 11:56:49 [INFO] nba_data_build: uploading team_box_2026.csv (1.1MB) -> sportsdataverse/sportsdataverse-data:espn_nba_team_boxscores
2026-07-14 11:56:50 [INFO] nba_data_build: uploaded team_box_2026.csv -> espn_nba_team_boxscores (asset 2/2)
2026-07-14 11:56:50 [INFO] nba_data_build: team_box 2026: done -- 2652 rows from 1326/1326 games in 15.4s
2026-07-14 11:56:50 [INFO] nba_data_build: team_box 2026: season complete -- 2652 rows
2026-07-14 11:56:52 [INFO] nba_data_build: player_box 2026: per-game build starting -- 1326 games (raw=https://raw.githubusercontent.com/sportsdataverse/hoopR-nba-raw/main via http)
2026-07-14 11:57:06 [INFO] nba_data_build: player_box 2026: 250/1326 games collected
2026-07-14 11:57:06 [INFO] nba_data_build: player_box 2026: 500/1326 games collected
2026-07-14 11:57:06 [INFO] nba_data_build: player_box 2026: 750/1326 games collected
2026-07-14 11:57:06 [INFO] nba_data_build: player_box 2026: 1000/1326 games collected
2026-07-14 11:57:06 [INFO] nba_data_build: player_box 2026: 1250/1326 games collected
2026-07-14 11:57:06 [INFO] nba_data_build: wrote ../nba/player_box/parquet/player_box_2026.parquet (592.2KB), 34883 rows x 57 cols; manifest n/a (not manifested)
2026-07-14 11:57:07 [INFO] nba_data_build: uploading player_box_2026.parquet (592.2KB) -> sportsdataverse/sportsdataverse-data:espn_nba_player_boxscores
2026-07-14 11:57:08 [INFO] nba_data_build: uploaded player_box_2026.parquet -> espn_nba_player_boxscores (asset 1/2)
2026-07-14 11:57:08 [INFO] nba_data_build: uploading player_box_2026.csv (16.9MB) -> sportsdataverse/sportsdataverse-data:espn_nba_player_boxscores
2026-07-14 11:57:10 [INFO] nba_data_build: uploaded player_box_2026.csv -> espn_nba_player_boxscores (asset 2/2)
2026-07-14 11:57:10 [INFO] nba_data_build: player_box 2026: done -- 34883 rows from 1326/1326 games in 17.8s
2026-07-14 11:57:10 [INFO] nba_data_build: player_box 2026: season complete -- 34883 rows
2026-07-14 11:57:12 [INFO] nba_data_build: schedules 2026: season-level build starting (raw=https://raw.githubusercontent.com/sportsdataverse/hoopR-nba-raw/main via http)
2026-07-14 11:57:12 [INFO] nba_data_build: wrote ../nba/schedules/parquet/nba_schedule_2026.parquet (513.5KB) + nba_schedule_2026.csv (8.7MB), 1330 rows x 77 cols; manifest n/a (not manifested)
2026-07-14 11:57:13 [INFO] nba_data_build: uploading nba_schedule_2026.parquet (513.5KB) -> sportsdataverse/sportsdataverse-data:espn_nba_schedules
2026-07-14 11:57:14 [INFO] nba_data_build: uploaded nba_schedule_2026.parquet -> espn_nba_schedules (asset 1/2)
2026-07-14 11:57:14 [INFO] nba_data_build: uploading nba_schedule_2026.csv (8.7MB) -> sportsdataverse/sportsdataverse-data:espn_nba_schedules
2026-07-14 11:57:15 [INFO] nba_data_build: uploaded nba_schedule_2026.csv -> espn_nba_schedules (asset 2/2)
2026-07-14 11:57:15 [INFO] nba_data_build: wrote ../nba/schedules/nba_schedule_master.parquet (2.3MB), 32290 rows x 78 cols
2026-07-14 11:57:15 [INFO] nba_data_build: wrote ../nba/schedules/nba_games_in_data_repo.parquet (2.2MB), 31141 rows x 78 cols
2026-07-14 11:57:15 [INFO] nba_data_build: uploading nba_schedule_master.parquet (2.3MB) -> sportsdataverse/sportsdataverse-data:espn_nba_schedules
2026-07-14 11:57:17 [INFO] nba_data_build: uploaded nba_schedule_master.parquet -> espn_nba_schedules (asset 1/4)
2026-07-14 11:57:17 [INFO] nba_data_build: uploading nba_schedule_master.csv (35.1MB) -> sportsdataverse/sportsdataverse-data:espn_nba_schedules
2026-07-14 11:57:19 [INFO] nba_data_build: uploaded nba_schedule_master.csv -> espn_nba_schedules (asset 2/4)
2026-07-14 11:57:19 [INFO] nba_data_build: uploading nba_games_in_data_repo.parquet (2.2MB) -> sportsdataverse/sportsdataverse-data:espn_nba_schedules
2026-07-14 11:57:20 [INFO] nba_data_build: uploaded nba_games_in_data_repo.parquet -> espn_nba_schedules (asset 3/4)
2026-07-14 11:57:20 [INFO] nba_data_build: uploading nba_games_in_data_repo.csv (34.3MB) -> sportsdataverse/sportsdataverse-data:espn_nba_schedules
2026-07-14 11:57:22 [INFO] nba_data_build: uploaded nba_games_in_data_repo.csv -> espn_nba_schedules (asset 4/4)
2026-07-14 11:57:22 [INFO] nba_data_build: schedules 2026: done -- 1330 rows in 10.2s
2026-07-14 11:57:22 [INFO] nba_data_build: schedules 2026: season complete -- 1330 rows
2026-07-14 11:57:24 [INFO] nba_data_build: shots 2026: season-level build starting (raw=https://raw.githubusercontent.com/sportsdataverse/hoopR-nba-raw/main via http)
2026-07-14 11:57:24 [INFO] nba_data_build: wrote ../nba/shots/parquet/shots_2026.parquet (3.0MB) + shots_2026.csv (24.2MB), 298411 rows x 15 cols; manifest nba_shots_in_data_repo.csv appended
2026-07-14 11:57:24 [INFO] nba_data_build: uploading shots_2026.parquet (3.0MB) -> sportsdataverse/sportsdataverse-data:espn_nba_shots
2026-07-14 11:57:25 [INFO] nba_data_build: uploaded shots_2026.parquet -> espn_nba_shots (asset 1/3)
2026-07-14 11:57:25 [INFO] nba_data_build: uploading shots_2026.csv (24.2MB) -> sportsdataverse/sportsdataverse-data:espn_nba_shots
2026-07-14 11:57:28 [INFO] nba_data_build: uploaded shots_2026.csv -> espn_nba_shots (asset 2/3)
2026-07-14 11:57:28 [INFO] nba_data_build: uploading nba_shots_in_data_repo.csv (174B) -> sportsdataverse/sportsdataverse-data:espn_nba_shots
2026-07-14 11:57:29 [INFO] nba_data_build: uploaded nba_shots_in_data_repo.csv -> espn_nba_shots (asset 3/3)
2026-07-14 11:57:29 [INFO] nba_data_build: shots 2026: done -- 298411 rows in 4.8s
2026-07-14 11:57:29 [INFO] nba_data_build: shots 2026: season complete -- 298411 rows
2026-07-14 11:57:30 [INFO] nba_data_build: rosters 2026: season-level build starting (raw=https://raw.githubusercontent.com/sportsdataverse/hoopR-nba-raw/main via http)
2026-07-14 11:57:31 [INFO] nba_data_build: wrote ../nba/rosters/parquet/rosters_2026.parquet (70.7KB) + rosters_2026.csv (224.9KB), 537 rows x 36 cols; manifest nba_rosters_in_data_repo.csv appended
2026-07-14 11:57:31 [INFO] nba_data_build: uploading rosters_2026.parquet (70.7KB) -> sportsdataverse/sportsdataverse-data:espn_nba_rosters
2026-07-14 11:57:32 [INFO] nba_data_build: uploaded rosters_2026.parquet -> espn_nba_rosters (asset 1/3)
2026-07-14 11:57:32 [INFO] nba_data_build: uploading rosters_2026.csv (224.9KB) -> sportsdataverse/sportsdataverse-data:espn_nba_rosters
2026-07-14 11:57:33 [INFO] nba_data_build: uploaded rosters_2026.csv -> espn_nba_rosters (asset 2/3)
2026-07-14 11:57:33 [INFO] nba_data_build: uploading nba_rosters_in_data_repo.csv (338B) -> sportsdataverse/sportsdataverse-data:espn_nba_rosters
2026-07-14 11:57:34 [INFO] nba_data_build: uploaded nba_rosters_in_data_repo.csv -> espn_nba_rosters (asset 3/3)
2026-07-14 11:57:34 [INFO] nba_data_build: rosters 2026: done -- 537 rows in 3.9s
2026-07-14 11:57:34 [INFO] nba_data_build: rosters 2026: season complete -- 537 rows
2026-07-14 11:57:36 [INFO] nba_data_build: player_season_stats 2026: season-level build starting (raw=https://raw.githubusercontent.com/sportsdataverse/hoopR-nba-raw/main via http)
2026-07-14 11:57:44 [INFO] nba_data_build: wrote ../nba/player_season_stats/parquet/player_season_stats_2026.parquet (108.3KB) + player_season_stats_2026.csv (4.8MB), 25006 rows x 15 cols; manifest nba_player_season_stats_in_data_repo.csv appended
2026-07-14 11:57:44 [INFO] nba_data_build: uploading player_season_stats_2026.parquet (108.3KB) -> sportsdataverse/sportsdataverse-data:espn_nba_player_season_stats
2026-07-14 11:57:45 [INFO] nba_data_build: uploaded player_season_stats_2026.parquet -> espn_nba_player_season_stats (asset 1/3)
2026-07-14 11:57:45 [INFO] nba_data_build: uploading player_season_stats_2026.csv (4.8MB) -> sportsdataverse/sportsdataverse-data:espn_nba_player_season_stats
2026-07-14 11:57:46 [INFO] nba_data_build: uploaded player_season_stats_2026.csv -> espn_nba_player_season_stats (asset 2/3)
2026-07-14 11:57:46 [INFO] nba_data_build: uploading nba_player_season_stats_in_data_repo.csv (3.0KB) -> sportsdataverse/sportsdataverse-data:espn_nba_player_season_stats
2026-07-14 11:57:47 [INFO] nba_data_build: uploaded nba_player_season_stats_in_data_repo.csv -> espn_nba_player_season_stats (asset 3/3)
2026-07-14 11:57:47 [INFO] nba_data_build: player_season_stats 2026: done -- 25006 rows in 11.1s
2026-07-14 11:57:47 [INFO] nba_data_build: player_season_stats 2026: season complete -- 25006 rows
2026-07-14 11:57:49 [INFO] nba_data_build: team_season_stats 2026: season-level build starting (raw=https://raw.githubusercontent.com/sportsdataverse/hoopR-nba-raw/main via http)
2026-07-14 11:57:50 [INFO] nba_data_build: wrote ../nba/team_season_stats/parquet/team_season_stats_2026.parquet (18.7KB) + team_season_stats_2026.csv (288.0KB), 1380 rows x 16 cols; manifest nba_team_season_stats_in_data_repo.csv appended
2026-07-14 11:57:50 [INFO] nba_data_build: uploading team_season_stats_2026.parquet (18.7KB) -> sportsdataverse/sportsdataverse-data:espn_nba_team_season_stats
2026-07-14 11:57:51 [INFO] nba_data_build: uploaded team_season_stats_2026.parquet -> espn_nba_team_season_stats (asset 1/3)
2026-07-14 11:57:51 [INFO] nba_data_build: uploading team_season_stats_2026.csv (288.0KB) -> sportsdataverse/sportsdataverse-data:espn_nba_team_season_stats
2026-07-14 11:57:52 [INFO] nba_data_build: uploaded team_season_stats_2026.csv -> espn_nba_team_season_stats (asset 2/3)
2026-07-14 11:57:52 [INFO] nba_data_build: uploading nba_team_season_stats_in_data_repo.csv (3.3KB) -> sportsdataverse/sportsdataverse-data:espn_nba_team_season_stats
2026-07-14 11:57:53 [INFO] nba_data_build: uploaded nba_team_season_stats_in_data_repo.csv -> espn_nba_team_season_stats (asset 3/3)
2026-07-14 11:57:53 [INFO] nba_data_build: team_season_stats 2026: done -- 1380 rows in 4.3s
2026-07-14 11:57:53 [INFO] nba_data_build: team_season_stats 2026: season complete -- 1380 rows
2026-07-14 11:57:55 [INFO] nba_data_build: standings 2026: season-level build starting (raw=https://raw.githubusercontent.com/sportsdataverse/hoopR-nba-raw/main via http)
2026-07-14 11:57:55 [INFO] nba_data_build: wrote ../nba/standings/parquet/standings_2026.parquet (16.4KB) + standings_2026.csv (147.4KB), 690 rows x 24 cols; manifest nba_standings_in_data_repo.csv appended
2026-07-14 11:57:56 [INFO] nba_data_build: uploading standings_2026.parquet (16.4KB) -> sportsdataverse/sportsdataverse-data:espn_nba_standings
2026-07-14 11:57:57 [INFO] nba_data_build: uploaded standings_2026.parquet -> espn_nba_standings (asset 1/3)
2026-07-14 11:57:57 [INFO] nba_data_build: uploading standings_2026.csv (147.4KB) -> sportsdataverse/sportsdataverse-data:espn_nba_standings
2026-07-14 11:57:58 [INFO] nba_data_build: uploaded standings_2026.csv -> espn_nba_standings (asset 2/3)
2026-07-14 11:57:58 [INFO] nba_data_build: uploading nba_standings_in_data_repo.csv (312B) -> sportsdataverse/sportsdataverse-data:espn_nba_standings
2026-07-14 11:57:59 [INFO] nba_data_build: uploaded nba_standings_in_data_repo.csv -> espn_nba_standings (asset 3/3)
2026-07-14 11:57:59 [INFO] nba_data_build: standings 2026: done -- 690 rows in 3.6s
2026-07-14 11:57:59 [INFO] nba_data_build: standings 2026: season complete -- 690 rows
2026-07-14 11:58:01 [INFO] nba_data_build: game_rosters 2026: season-level build starting (raw=https://raw.githubusercontent.com/sportsdataverse/hoopR-nba-raw/main via http)
2026-07-14 11:58:24 [INFO] nba_data_build: wrote ../nba/game_rosters/parquet/game_rosters_2026.parquet (292.1KB) + game_rosters_2026.csv (8.5MB), 34883 rows x 22 cols; manifest nba_game_rosters_in_data_repo.csv appended
2026-07-14 11:58:25 [INFO] nba_data_build: uploading game_rosters_2026.parquet (292.1KB) -> sportsdataverse/sportsdataverse-data:espn_nba_game_rosters
2026-07-14 11:58:26 [INFO] nba_data_build: uploaded game_rosters_2026.parquet -> espn_nba_game_rosters (asset 1/3)
2026-07-14 11:58:26 [INFO] nba_data_build: uploading game_rosters_2026.csv (8.5MB) -> sportsdataverse/sportsdataverse-data:espn_nba_game_rosters
2026-07-14 11:58:27 [INFO] nba_data_build: uploaded game_rosters_2026.csv -> espn_nba_game_rosters (asset 2/3)
2026-07-14 11:58:27 [INFO] nba_data_build: uploading nba_game_rosters_in_data_repo.csv (2.7KB) -> sportsdataverse/sportsdataverse-data:espn_nba_game_rosters
2026-07-14 11:58:28 [INFO] nba_data_build: uploaded nba_game_rosters_in_data_repo.csv -> espn_nba_game_rosters (asset 3/3)
2026-07-14 11:58:28 [INFO] nba_data_build: game_rosters 2026: done -- 34883 rows in 27.4s
2026-07-14 11:58:28 [INFO] nba_data_build: game_rosters 2026: season complete -- 34883 rows
2026-07-14 11:58:30 [INFO] nba_data_build: officials 2026: season-level build starting (raw=https://raw.githubusercontent.com/sportsdataverse/hoopR-nba-raw/main via http)
2026-07-14 11:58:38 [INFO] nba_data_build: wrote ../nba/officials/parquet/officials_2026.parquet (19.1KB) + officials_2026.csv (214.4KB), 4056 rows x 7 cols; manifest nba_officials_in_data_repo.csv appended
2026-07-14 11:58:38 [INFO] nba_data_build: uploading officials_2026.parquet (19.1KB) -> sportsdataverse/sportsdataverse-data:espn_nba_officials
2026-07-14 11:58:39 [INFO] nba_data_build: uploaded officials_2026.parquet -> espn_nba_officials (asset 1/3)
2026-07-14 11:58:39 [INFO] nba_data_build: uploading officials_2026.csv (214.4KB) -> sportsdataverse/sportsdataverse-data:espn_nba_officials
2026-07-14 11:58:40 [INFO] nba_data_build: uploaded officials_2026.csv -> espn_nba_officials (asset 2/3)
2026-07-14 11:58:40 [INFO] nba_data_build: uploading nba_officials_in_data_repo.csv (2.6KB) -> sportsdataverse/sportsdataverse-data:espn_nba_officials
2026-07-14 11:58:41 [INFO] nba_data_build: uploaded nba_officials_in_data_repo.csv -> espn_nba_officials (asset 3/3)
2026-07-14 11:58:41 [INFO] nba_data_build: officials 2026: done -- 4056 rows in 11.2s
2026-07-14 11:58:41 [INFO] nba_data_build: officials 2026: season complete -- 4056 rows
2026-07-14 11:58:43 [INFO] nba_data_build: draft 2026: season-level build starting (raw=https://raw.githubusercontent.com/sportsdataverse/hoopR-nba-raw/main via http)
2026-07-14 11:58:43 [INFO] nba_data_build: wrote ../nba/draft/parquet/draft_2026.parquet (14.7KB) + draft_2026.csv (7.9KB), 60 rows x 35 cols; manifest nba_draft_in_data_repo.csv appended
2026-07-14 11:58:43 [INFO] nba_data_build: uploading draft_2026.parquet (14.7KB) -> sportsdataverse/sportsdataverse-data:espn_nba_draft
2026-07-14 11:58:44 [INFO] nba_data_build: uploaded draft_2026.parquet -> espn_nba_draft (asset 1/3)
2026-07-14 11:58:44 [INFO] nba_data_build: uploading draft_2026.csv (7.9KB) -> sportsdataverse/sportsdataverse-data:espn_nba_draft
2026-07-14 11:58:45 [INFO] nba_data_build: uploaded draft_2026.csv -> espn_nba_draft (asset 2/3)
2026-07-14 11:58:45 [INFO] nba_data_build: uploading nba_draft_in_data_repo.csv (302B) -> sportsdataverse/sportsdataverse-data:espn_nba_draft
2026-07-14 11:58:46 [INFO] nba_data_build: uploaded nba_draft_in_data_repo.csv -> espn_nba_draft (asset 3/3)
2026-07-14 11:58:46 [INFO] nba_data_build: draft 2026: done -- 60 rows in 3.3s
2026-07-14 11:58:46 [INFO] nba_data_build: draft 2026: season complete -- 60 rows
ℹ Compiling 2026 NBA team crosswalk
✔ Compiled 2026 NBA team crosswalk! [2.8s]

ℹ Updating 2026 NBA Team Crosswalk GitHub Release
→ Uploading 3 files!
ℹ Updating 2026 NBA Team Crosswalk GitHub Releaseℹ Start upload of 7 files to
<https://github.com/sportsdataverse/sportsdataverse-data/releases> @
nba_crosswalk
ℹ Updating 2026 NBA Team Crosswalk GitHub Release✔ Upload successfully completed.
ℹ Updating 2026 NBA Team Crosswalk GitHub Release→ Uploaded 7 to sportsdataverse/sportsdataverse-data @ nba_crosswalk on 2026-07-14 11:58:52.828871
ℹ Updating 2026 NBA Team Crosswalk GitHub Release✔ Updated 2026 NBA Team Crosswalk GitHub Release! [1.8s]

4.669 sec elapsed
→ Uploading 1 files!
ℹ Start upload of 5 files to
<https://github.com/sportsdataverse/sportsdataverse-data/releases> @
nba_crosswalk
✔ Upload successfully completed.
→ Uploaded 5 to sportsdataverse/sportsdataverse-data @ nba_crosswalk on 2026-07-14 11:58:54.11834

ℹ Compiling 2026 NBA schedule crosswalk
✖ 2026-07-14 11:58:56.425489: Invalid arguments or no league schedule data for 2025-26 available!
ℹ Compiling 2026 NBA schedule crosswalk✖ Args: league_id = "00", season = "2025-26"
ℹ Compiling 2026 NBA schedule crosswalk✖ Error: lexical error: invalid char in json text.                                        <HTML><HEAD> <TITLE>Access Deni                      (right here) ------^ 
ℹ Compiling 2026 NBA schedule crosswalk! 2026-07-14 11:58:56.446537: no schedule crosswalk rows for 2026
ℹ Compiling 2026 NBA schedule crosswalk✔ Compiled 2026 NBA schedule crosswalk! [1.1s]

1.101 sec elapsed

ℹ Compiling 2026 NBA player crosswalk
✔ Compiled 2026 NBA player crosswalk! [26.1s]

ℹ Updating 2026 NBA Player Crosswalk GitHub Release
→ Uploading 3 files!
ℹ Updating 2026 NBA Player Crosswalk GitHub Releaseℹ Start upload of 7 files to
<https://github.com/sportsdataverse/sportsdataverse-data/releases> @
nba_crosswalk
ℹ Updating 2026 NBA Player Crosswalk GitHub Release✔ Upload successfully completed.
ℹ Updating 2026 NBA Player Crosswalk GitHub Release→ Uploaded 7 to sportsdataverse/sportsdataverse-data @ nba_crosswalk on 2026-07-14 11:59:25.443161
ℹ Updating 2026 NBA Player Crosswalk GitHub Release✔ Updated 2026 NBA Player Crosswalk GitHub Release! [1.8s]

27.883 sec elapsed
→ Uploading 1 files!
ℹ Start upload of 5 files to
<https://github.com/sportsdataverse/sportsdataverse-data/releases> @
nba_crosswalk
✔ Upload successfully completed.
→ Uploaded 5 to sportsdataverse/sportsdataverse-data @ nba_crosswalk on 2026-07-14 11:59:26.818511

[main 1ad638d3] NBA Data Updated (Start: 2026 End: 2026)
 26 files changed, 10 insertions(+)
To https://github.com/sportsdataverse/hoopR-nba-data
   5c047df8..1ad638d3  main -> main
