Error in `purrr::map()`:
ℹ In index: 1.
Caused by error in `dplyr::filter()`:
ℹ In argument: `.data$game_json == TRUE`.
Caused by error in `.data$game_json`:
! Column `game_json` not found in `.data`.
Backtrace:
     ▆
  1. ├─purrr::map(...)
  2. │ └─purrr:::map_("list", .x, .f, ..., .progress = .progress)
  3. │   ├─purrr:::with_indexed_errors(...)
  4. │   │ └─base::withCallingHandlers(...)
  5. │   ├─purrr:::call_with_cleanup(...)
  6. │   └─global .f(.x[[i]], ...)
  7. │     └─global nba_pbp_games(y)
  8. │       └─sched %>% dplyr::filter(.data$game_json == TRUE) %>% ...
  9. ├─dplyr::pull(., "game_id")
 10. ├─dplyr::filter(., .data$game_json == TRUE)
 11. ├─dplyr:::filter.data.frame(., .data$game_json == TRUE)
 12. │ └─dplyr:::filter_impl(...)
 13. │   └─dplyr:::filter_rows(...)
 14. │     └─dplyr:::filter_eval(...)
 15. │       ├─base::withCallingHandlers(...)
 16. │       └─mask$eval_all_filter(dots_expanded, invert, env_filter)
 17. │         └─dplyr (local) eval()
 18. ├─game_json
 19. ├─rlang:::`$.rlang_data_pronoun`(.data, game_json)
 20. │ └─rlang:::data_pronoun_get(...)
 21. └─rlang:::abort_data_pronoun(x, call = y)
 22.   └─rlang::abort(msg, "rlang_error_data_pronoun_not_found", call = call)
Warning messages:
1: In readRDS(con) :
  cannot open URL 'https://raw.githubusercontent.com/sportsdataverse/hoopR-nba-raw/main/nba/schedules/rds/nba_schedule_12.rds': HTTP status was '404 Not Found'
2: Failed to readRDS from <https://raw.githubusercontent.com/sportsdataverse/hoopR-nba-raw/main/nba/schedules/rds/nba_schedule_12.rds> 
Execution halted
::warning ::R/espn_nba_01_pbp_creation.R for season 12 exited with code 1
Error in `purrr::map()`:
ℹ In index: 1.
Caused by error in `dplyr::filter()`:
ℹ In argument: `.data$game_json == TRUE`.
Caused by error in `.data$game_json`:
! Column `game_json` not found in `.data`.
Backtrace:
     ▆
  1. ├─purrr::map(...)
  2. │ └─purrr:::map_("list", .x, .f, ..., .progress = .progress)
  3. │   ├─purrr:::with_indexed_errors(...)
  4. │   │ └─base::withCallingHandlers(...)
  5. │   ├─purrr:::call_with_cleanup(...)
  6. │   └─global .f(.x[[i]], ...)
  7. │     └─global nba_team_box_games(y)
  8. │       └─sched %>% dplyr::filter(.data$game_json == TRUE) %>% ...
  9. ├─dplyr::pull(., "game_id")
 10. ├─dplyr::filter(., .data$game_json == TRUE)
 11. ├─dplyr:::filter.data.frame(., .data$game_json == TRUE)
 12. │ └─dplyr:::filter_impl(...)
 13. │   └─dplyr:::filter_rows(...)
 14. │     └─dplyr:::filter_eval(...)
 15. │       ├─base::withCallingHandlers(...)
 16. │       └─mask$eval_all_filter(dots_expanded, invert, env_filter)
 17. │         └─dplyr (local) eval()
 18. ├─game_json
 19. ├─rlang:::`$.rlang_data_pronoun`(.data, game_json)
 20. │ └─rlang:::data_pronoun_get(...)
 21. └─rlang:::abort_data_pronoun(x, call = y)
 22.   └─rlang::abort(msg, "rlang_error_data_pronoun_not_found", call = call)
Execution halted
::warning ::R/espn_nba_02_team_box_creation.R for season 12 exited with code 1
Error in `purrr::map()`:
ℹ In index: 1.
Caused by error in `dplyr::filter()`:
ℹ In argument: `.data$game_json == TRUE`.
Caused by error in `.data$game_json`:
! Column `game_json` not found in `.data`.
Backtrace:
     ▆
  1. ├─purrr::map(...)
  2. │ └─purrr:::map_("list", .x, .f, ..., .progress = .progress)
  3. │   ├─purrr:::with_indexed_errors(...)
  4. │   │ └─base::withCallingHandlers(...)
  5. │   ├─purrr:::call_with_cleanup(...)
  6. │   └─global .f(.x[[i]], ...)
  7. │     └─global nba_player_box_games(y)
  8. │       └─sched %>% dplyr::filter(.data$game_json == TRUE) %>% ...
  9. ├─dplyr::pull(., "game_id")
 10. ├─dplyr::filter(., .data$game_json == TRUE)
 11. ├─dplyr:::filter.data.frame(., .data$game_json == TRUE)
 12. │ └─dplyr:::filter_impl(...)
 13. │   └─dplyr:::filter_rows(...)
 14. │     └─dplyr:::filter_eval(...)
 15. │       ├─base::withCallingHandlers(...)
 16. │       └─mask$eval_all_filter(dots_expanded, invert, env_filter)
 17. │         └─dplyr (local) eval()
 18. ├─game_json
 19. ├─rlang:::`$.rlang_data_pronoun`(.data, game_json)
 20. │ └─rlang:::data_pronoun_get(...)
 21. └─rlang:::abort_data_pronoun(x, call = y)
 22.   └─rlang::abort(msg, "rlang_error_data_pronoun_not_found", call = call)
Execution halted
::warning ::R/espn_nba_03_player_box_creation.R for season 12 exited with code 1
2026-06-03 03:15:22.973562: no team rosters in raw repo for 12; skipping
0.286 sec elapsed
→ Uploading 1 files!
ℹ Start upload of 5 files to
<https://github.com/sportsdataverse/sportsdataverse-data/releases> @
espn_nba_rosters
✔ Upload successfully completed.
→ Uploaded 5 to sportsdataverse/sportsdataverse-data @ espn_nba_rosters on 2026-06-03 03:15:24.750335

! 2026-06-03 03:15:25.97204: could not load player_box for 12: seasons >= 2002 is not TRUE
! 2026-06-03 03:15:25.98694: no player_box athletes for 12; skipping player_season_stats
0.069 sec elapsed
→ Uploading 1 files!
ℹ Start upload of 5 files to
<https://github.com/sportsdataverse/sportsdataverse-data/releases> @
espn_nba_player_season_stats
✔ Upload successfully completed.
→ Uploaded 5 to sportsdataverse/sportsdataverse-data @ espn_nba_player_season_stats on 2026-06-03 03:15:27.744479

! 2026-06-03 03:15:29.187013: no team_stats in raw repo for 12; skipping
0.301 sec elapsed
→ Uploading 1 files!
ℹ Start upload of 5 files to
<https://github.com/sportsdataverse/sportsdataverse-data/releases> @
espn_nba_team_season_stats
✔ Upload successfully completed.
→ Uploaded 5 to sportsdataverse/sportsdataverse-data @ espn_nba_team_season_stats on 2026-06-03 03:15:31.378101

! 2026-06-03 03:15:32.690782: skip standings 12: cannot open the connection to 'https://raw.githubusercontent.com/sportsdataverse/hoopR-nba-raw/main/nba/standings/json/12.json'
Warning message:
In open.connection(con, "rb") :
  cannot open URL 'https://raw.githubusercontent.com/sportsdataverse/hoopR-nba-raw/main/nba/standings/json/12.json': HTTP status was '404 Not Found'
0.167 sec elapsed
→ Uploading 1 files!
ℹ Start upload of 5 files to
<https://github.com/sportsdataverse/sportsdataverse-data/releases> @
espn_nba_standings
✔ Upload successfully completed.
→ Uploaded 5 to sportsdataverse/sportsdataverse-data @ espn_nba_standings on 2026-06-03 03:15:34.505636

! 2026-06-03 03:15:35.772496: no games listed for 12; skipping game_rosters
Warning messages:
1: In readRDS(con) :
  cannot open URL 'https://raw.githubusercontent.com/sportsdataverse/hoopR-nba-raw/main/nba/schedules/rds/nba_schedule_12.rds': HTTP status was '404 Not Found'
2: Failed to readRDS from <https://raw.githubusercontent.com/sportsdataverse/hoopR-nba-raw/main/nba/schedules/rds/nba_schedule_12.rds> 
0.121 sec elapsed
→ Uploading 1 files!
ℹ Start upload of 5 files to
<https://github.com/sportsdataverse/sportsdataverse-data/releases> @
espn_nba_game_rosters
✔ Upload successfully completed.
→ Uploaded 5 to sportsdataverse/sportsdataverse-data @ espn_nba_game_rosters on 2026-06-03 03:15:37.564841

! 2026-06-03 03:15:38.826596: no games listed for 12; skipping officials
Warning messages:
1: In readRDS(con) :
  cannot open URL 'https://raw.githubusercontent.com/sportsdataverse/hoopR-nba-raw/main/nba/schedules/rds/nba_schedule_12.rds': HTTP status was '404 Not Found'
2: Failed to readRDS from <https://raw.githubusercontent.com/sportsdataverse/hoopR-nba-raw/main/nba/schedules/rds/nba_schedule_12.rds> 
0.119 sec elapsed
→ Uploading 1 files!
ℹ Start upload of 5 files to
<https://github.com/sportsdataverse/sportsdataverse-data/releases> @
espn_nba_officials
✔ Upload successfully completed.
→ Uploaded 5 to sportsdataverse/sportsdataverse-data @ espn_nba_officials on 2026-06-03 03:15:40.863002

! 2026-06-03 03:15:42.209097: skip draft 12: cannot open the connection to 'https://raw.githubusercontent.com/sportsdataverse/hoopR-nba-raw/main/nba/draft/json/12.json'
Warning message:
In open.connection(con, "rb") :
  cannot open URL 'https://raw.githubusercontent.com/sportsdataverse/hoopR-nba-raw/main/nba/draft/json/12.json': HTTP status was '404 Not Found'
0.209 sec elapsed
→ Uploading 1 files!
ℹ Start upload of 5 files to
<https://github.com/sportsdataverse/sportsdataverse-data/releases> @
espn_nba_draft
✔ Upload successfully completed.
→ Uploaded 5 to sportsdataverse/sportsdataverse-data @ espn_nba_draft on 2026-06-03 03:15:44.054308

[main ab72f94e] NBA Data Updated (Start: 12 End: 12)
 2 files changed, 0 insertions(+), 0 deletions(-)
 create mode 100644 nba/schedules/parquet/nba_schedule_12.parquet
 create mode 100644 nba/schedules/rds/nba_schedule_12.rds
To https://github.com/sportsdataverse/hoopR-nba-data
   fc57d41e..ab72f94e  main -> main
